\BOOKMARK [0][-]{dummy.1}{\376\377\000D\000e\000c\000l\000a\000r\000a\000t\000i\000o\000n}{}% 1
\BOOKMARK [0][-]{dummy.6}{\376\377\000C\000e\000r\000t\000i\000f\000i\000c\000a\000t\000e}{}% 2
\BOOKMARK [0][-]{dummy.7}{\376\377\000A\000b\000s\000t\000r\000a\000c\000t}{}% 3
\BOOKMARK [0][-]{dummy.8}{\376\377\000A\000c\000k\000n\000o\000w\000l\000e\000d\000g\000e\000m\000e\000n\000t\000s}{}% 4
\BOOKMARK [0][-]{dummy.9}{\376\377\000C\000o\000n\000t\000e\000n\000t\000s}{}% 5
\BOOKMARK [0][-]{dummy.11}{\376\377\000L\000i\000s\000t\000\040\000o\000f\000\040\000F\000i\000g\000u\000r\000e\000s}{}% 6
\BOOKMARK [0][-]{chapter.13}{\376\377\0001\000\040\000I\000n\000t\000r\000o\000d\000u\000c\000t\000i\000o\000n}{}% 7
\BOOKMARK [1][-]{section.14}{\376\377\0001\000.\0001\000\040\000I\000n\000t\000r\000o\000d\000u\000c\000t\000i\000o\000n}{chapter.13}% 8
\BOOKMARK [0][-]{chapter.16}{\376\377\0002\000\040\000O\000p\000e\000n\000C\000L\000\040\000B\000a\000c\000k\000g\000r\000o\000u\000n\000d\000\040\000a\000n\000d\000\040\000R\000e\000l\000a\000t\000e\000d\000\040\000W\000o\000r\000k}{}% 9
\BOOKMARK [1][-]{section.17}{\376\377\0002\000.\0001\000\040\000O\000p\000e\000n\000C\000L\000\040\000B\000a\000c\000k\000g\000r\000o\000u\000n\000d}{chapter.16}% 10
\BOOKMARK [1][-]{section.19}{\376\377\0002\000.\0002\000\040\000R\000e\000l\000a\000t\000e\000d\000\040\000W\000o\000r\000k}{chapter.16}% 11
\BOOKMARK [0][-]{chapter.20}{\376\377\0003\000\040\000P\000r\000o\000b\000l\000e\000m\000\040\000F\000o\000r\000m\000u\000l\000a\000t\000i\000o\000n}{}% 12
\BOOKMARK [1][-]{section.21}{\376\377\0003\000.\0001\000\040\000M\000o\000t\000i\000v\000a\000t\000i\000o\000n}{chapter.20}% 13
\BOOKMARK [1][-]{section.26}{\376\377\0003\000.\0002\000\040\000F\000o\000r\000m\000a\000l\000\040\000P\000r\000o\000b\000l\000e\000m\000\040\000S\000t\000a\000t\000e\000m\000e\000n\000t}{chapter.20}% 14
\BOOKMARK [0][-]{chapter.38}{\376\377\0004\000\040\000S\000o\000f\000t\000w\000a\000r\000e\000\040\000A\000r\000c\000h\000i\000t\000e\000c\000t\000u\000r\000e}{}% 15
\BOOKMARK [1][-]{section.39}{\376\377\0004\000.\0001\000\040\000I\000n\000t\000r\000o\000d\000u\000c\000t\000i\000o\000n}{chapter.38}% 16
\BOOKMARK [1][-]{section.43}{\376\377\0004\000.\0002\000\040\000I\000n\000p\000u\000t\000\040\000F\000i\000l\000e\000\040\000S\000p\000e\000c\000i\000f\000i\000c\000a\000t\000i\000o\000n}{chapter.38}% 17
\BOOKMARK [1][-]{section.64}{\376\377\0004\000.\0003\000\040\000S\000c\000h\000e\000d\000u\000l\000i\000n\000g\000\040\000B\000a\000c\000k\000e\000n\000d}{chapter.38}% 18
\BOOKMARK [2][-]{subsection.65}{\376\377\0004\000.\0003\000.\0001\000\040\000I\000n\000t\000r\000o\000d\000u\000c\000t\000i\000o\000n}{section.64}% 19
\BOOKMARK [2][-]{subsection.68}{\376\377\0004\000.\0003\000.\0002\000\040\000T\000h\000e\000\040\000T\000w\000o\000\040\000S\000c\000h\000e\000d\000u\000l\000e\000r\000\040\000L\000e\000v\000e\000l\000s}{section.64}% 20
\BOOKMARK [2][-]{subsection.69}{\376\377\0004\000.\0003\000.\0003\000\040\000S\000c\000h\000e\000d\000u\000l\000i\000n\000g\000\040\000A\000l\000g\000o\000r\000i\000t\000h\000m}{section.64}% 21
\BOOKMARK [0][-]{chapter.73}{\376\377\0005\000\040\000S\000c\000h\000e\000d\000u\000l\000i\000n\000g\000\040\000H\000e\000u\000r\000i\000s\000t\000i\000c\000s}{}% 22
\BOOKMARK [1][-]{section.74}{\376\377\0005\000.\0001\000\040\000I\000n\000t\000r\000o\000d\000u\000c\000t\000i\000o\000n}{chapter.73}% 23
\BOOKMARK [1][-]{section.77}{\376\377\0005\000.\0002\000\040\000T\000h\000e\000\040\000D\000e\000f\000a\000u\000l\000t\000\040\000P\000o\000l\000i\000c\000y}{chapter.73}% 24
\BOOKMARK [1][-]{section.79}{\376\377\0005\000.\0003\000\040\000T\000h\000e\000\040\000E\000a\000g\000e\000r\000\040\000S\000c\000h\000e\000d\000u\000l\000i\000n\000g\000\040\000P\000o\000l\000i\000c\000y}{chapter.73}% 25
\BOOKMARK [1][-]{section.82}{\376\377\0005\000.\0004\000\040\000T\000h\000e\000\040\000H\000E\000F\000T\000\040\000S\000c\000h\000e\000d\000u\000l\000i\000n\000g\000\040\000P\000o\000l\000i\000c\000y}{chapter.73}% 26
\BOOKMARK [1][-]{section.83}{\376\377\0005\000.\0005\000\040\000M\000a\000c\000h\000i\000n\000e\000\040\000L\000e\000a\000r\000n\000i\000n\000g\000\040\000A\000s\000s\000i\000s\000t\000e\000d\000\040\000S\000c\000h\000e\000d\000u\000l\000i\000n\000g}{chapter.73}% 27
\BOOKMARK [0][-]{chapter.84}{\376\377\0006\000\040\000E\000x\000p\000e\000r\000i\000m\000e\000n\000t\000a\000l\000\040\000R\000e\000s\000u\000l\000t\000s}{}% 28
\BOOKMARK [1][-]{section.85}{\376\377\0006\000.\0001\000\040\000I\000n\000t\000r\000o\000d\000u\000c\000t\000i\000o\000n}{chapter.84}% 29
\BOOKMARK [1][-]{section.86}{\376\377\0006\000.\0002\000\040\000T\000h\000e\000\040\000T\000r\000a\000n\000s\000f\000o\000r\000m\000e\000r}{chapter.84}% 30
\BOOKMARK [1][-]{section.88}{\376\377\0006\000.\0003\000\040\000E\000x\000p\000e\000r\000i\000m\000e\000n\000t\000\040\0001\000:\000\040\000E\000x\000h\000a\000u\000s\000t\000i\000v\000e\000\040\000P\000r\000o\000f\000i\000l\000i\000n\000g}{chapter.84}% 31
\BOOKMARK [1][-]{section.90}{\376\377\0006\000.\0004\000\040\000E\000x\000p\000e\000r\000i\000m\000e\000n\000t\000\040\0002\000:\000\040\000C\000l\000u\000s\000t\000e\000r\000i\000n\000g\000\040\000v\000s\000\040\000E\000a\000g\000e\000r\000\040\000E\000x\000e\000c\000u\000t\000i\000o\000n}{chapter.84}% 32
\BOOKMARK [1][-]{section.92}{\376\377\0006\000.\0005\000\040\000E\000x\000p\000e\000r\000i\000m\000e\000n\000t\000\040\0003\000:\000\040\000C\000l\000u\000s\000t\000e\000r\000i\000n\000g\000\040\000v\000s\000\040\000H\000E\000F\000T}{chapter.84}% 33
\BOOKMARK [0][-]{chapter.97}{\376\377\0007\000\040\000C\000o\000n\000c\000l\000u\000s\000i\000o\000n}{}% 34
\BOOKMARK [0][-]{dummy.98}{\376\377\000B\000i\000b\000l\000i\000o\000g\000r\000a\000p\000h\000y}{}% 35
